# JRE version: OpenJDK Runtime Environment (8.0_152-b01) (build 1.8.0_152-release-915-b01)
# Java VM: OpenJDK 64-Bit Server VM (25.152-b01 mixed mode linux-amd64 compressed oops)
Heap:
 PSYoungGen      total 430592K, used 22999K [0x00000000e0000000, 0x00000000fc880000, 0x0000000100000000)
  eden space 395264K, 0% used [0x00000000e0000000,0x00000000e0000000,0x00000000f8200000)
  from space 35328K, 65% used [0x00000000f8200000,0x00000000f9875f70,0x00000000fa480000)
  to   space 35328K, 0% used [0x00000000fa480000,0x00000000fa480000,0x00000000fc700000)
 ParOldGen       total 114688K, used 79758K [0x00000000a0000000, 0x00000000a7000000, 0x00000000e0000000)
  object space 114688K, 69% used [0x00000000a0000000,0x00000000a4de39e0,0x00000000a7000000)
 Metaspace       used 86720K, capacity 92100K, committed 92248K, reserved 1128448K
  class space    used 11082K, capacity 12296K, committed 12416K, reserved 1048576K
GC Heap History (10 events):
Event: 3001,589 GC heap after
Heap after GC invocations=15 (full 3):
 PSYoungGen      total 322048K, used 13836K [0x00000000e0000000, 0x00000000f5b80000, 0x0000000100000000)
  eden space 307712K, 0% used [0x00000000e0000000,0x00000000e0000000,0x00000000f2c80000)
  from space 14336K, 96% used [0x00000000f4d80000,0x00000000f5b031a8,0x00000000f5b80000)
  to   space 23040K, 0% used [0x00000000f2e80000,0x00000000f2e80000,0x00000000f4500000)
 ParOldGen       total 114688K, used 39761K [0x00000000a0000000, 0x00000000a7000000, 0x00000000e0000000)
  object space 114688K, 34% used [0x00000000a0000000,0x00000000a26d4790,0x00000000a7000000)
 Metaspace       used 73868K, capacity 76752K, committed 76888K, reserved 1116160K
  class space    used 9583K, capacity 10274K, committed 10368K, reserved 1048576K
}
Event: 3027,757 GC heap before
{Heap before GC invocations=16 (full 3):
 PSYoungGen      total 322048K, used 321548K [0x00000000e0000000, 0x00000000f5b80000, 0x0000000100000000)
  eden space 307712K, 100% used [0x00000000e0000000,0x00000000f2c80000,0x00000000f2c80000)
  from space 14336K, 96% used [0x00000000f4d80000,0x00000000f5b031a8,0x00000000f5b80000)
  to   space 23040K, 0% used [0x00000000f2e80000,0x00000000f2e80000,0x00000000f4500000)
 ParOldGen       total 114688K, used 39761K [0x00000000a0000000, 0x00000000a7000000, 0x00000000e0000000)
  object space 114688K, 34% used [0x00000000a0000000,0x00000000a26d4790,0x00000000a7000000)
 Metaspace       used 78261K, capacity 82342K, committed 82392K, reserved 1120256K
  class space    used 10253K, capacity 11246K, committed 11264K, reserved 1048576K
Event: 3027,844 GC heap after
Heap after GC invocations=16 (full 3):
 PSYoungGen      total 332800K, used 23034K [0x00000000e0000000, 0x00000000f9c80000, 0x0000000100000000)
  eden space 309760K, 0% used [0x00000000e0000000,0x00000000e0000000,0x00000000f2e80000)
  from space 23040K, 99% used [0x00000000f2e80000,0x00000000f44fe9b0,0x00000000f4500000)
  to   space 30720K, 0% used [0x00000000f7e80000,0x00000000f7e80000,0x00000000f9c80000)
 ParOldGen       total 114688K, used 51000K [0x00000000a0000000, 0x00000000a7000000, 0x00000000e0000000)
  object space 114688K, 44% used [0x00000000a0000000,0x00000000a31ce3e8,0x00000000a7000000)
 Metaspace       used 78261K, capacity 82342K, committed 82392K, reserved 1120256K
  class space    used 10253K, capacity 11246K, committed 11264K, reserved 1048576K
}
Event: 3101,226 GC heap before
{Heap before GC invocations=17 (full 3):
 PSYoungGen      total 332800K, used 332794K [0x00000000e0000000, 0x00000000f9c80000, 0x0000000100000000)
  eden space 309760K, 100% used [0x00000000e0000000,0x00000000f2e80000,0x00000000f2e80000)
  from space 23040K, 99% used [0x00000000f2e80000,0x00000000f44fe9b0,0x00000000f4500000)
  to   space 30720K, 0% used [0x00000000f7e80000,0x00000000f7e80000,0x00000000f9c80000)
 ParOldGen       total 114688K, used 51000K [0x00000000a0000000, 0x00000000a7000000, 0x00000000e0000000)
  object space 114688K, 44% used [0x00000000a0000000,0x00000000a31ce3e8,0x00000000a7000000)
 Metaspace       used 83760K, capacity 88372K, committed 88536K, reserved 1126400K
  class space    used 10905K, capacity 12012K, committed 12032K, reserved 1048576K
Event: 3101,374 GC heap after
Heap after GC invocations=17 (full 3):
 PSYoungGen      total 385024K, used 30703K [0x00000000e0000000, 0x00000000fa200000, 0x0000000100000000)
  eden space 354304K, 0% used [0x00000000e0000000,0x00000000e0000000,0x00000000f5a00000)
  from space 30720K, 99% used [0x00000000f7e80000,0x00000000f9c7bf08,0x00000000f9c80000)
  to   space 36864K, 0% used [0x00000000f5a00000,0x00000000f5a00000,0x00000000f7e00000)
 ParOldGen       total 114688K, used 55846K [0x00000000a0000000, 0x00000000a7000000, 0x00000000e0000000)
  object space 114688K, 48% used [0x00000000a0000000,0x00000000a3689998,0x00000000a7000000)
 Metaspace       used 83760K, capacity 88372K, committed 88536K, reserved 1126400K
  class space    used 10905K, capacity 12012K, committed 12032K, reserved 1048576K
}
Event: 4481,473 GC heap before
{Heap before GC invocations=18 (full 3):
 PSYoungGen      total 385024K, used 385007K [0x00000000e0000000, 0x00000000fa200000, 0x0000000100000000)
  eden space 354304K, 100% used [0x00000000e0000000,0x00000000f5a00000,0x00000000f5a00000)
  from space 30720K, 99% used [0x00000000f7e80000,0x00000000f9c7bf08,0x00000000f9c80000)
  to   space 36864K, 0% used [0x00000000f5a00000,0x00000000f5a00000,0x00000000f7e00000)
 ParOldGen       total 114688K, used 55846K [0x00000000a0000000, 0x00000000a7000000, 0x00000000e0000000)
  object space 114688K, 48% used [0x00000000a0000000,0x00000000a3689998,0x00000000a7000000)
 Metaspace       used 85179K, capacity 90324K, committed 90584K, reserved 1128448K
  class space    used 11018K, capacity 12212K, committed 12288K, reserved 1048576K
Event: 4481,656 GC heap after
Heap after GC invocations=18 (full 3):
 PSYoungGen      total 391168K, used 13064K [0x00000000e0000000, 0x00000000fc700000, 0x0000000100000000)
  eden space 354304K, 0% used [0x00000000e0000000,0x00000000e0000000,0x00000000f5a00000)
  from space 36864K, 35% used [0x00000000f5a00000,0x00000000f66c21a8,0x00000000f7e00000)
  to   space 35328K, 0% used [0x00000000fa480000,0x00000000fa480000,0x00000000fc700000)
 ParOldGen       total 114688K, used 79750K [0x00000000a0000000, 0x00000000a7000000, 0x00000000e0000000)
  object space 114688K, 69% used [0x00000000a0000000,0x00000000a4de19e0,0x00000000a7000000)
 Metaspace       used 85179K, capacity 90324K, committed 90584K, reserved 1128448K
  class space    used 11018K, capacity 12212K, committed 12288K, reserved 1048576K
}
Event: 4487,548 GC heap before
{Heap before GC invocations=19 (full 3):
 PSYoungGen      total 391168K, used 367368K [0x00000000e0000000, 0x00000000fc700000, 0x0000000100000000)
  eden space 354304K, 100% used [0x00000000e0000000,0x00000000f5a00000,0x00000000f5a00000)
  from space 36864K, 35% used [0x00000000f5a00000,0x00000000f66c21a8,0x00000000f7e00000)
  to   space 35328K, 0% used [0x00000000fa480000,0x00000000fa480000,0x00000000fc700000)
 ParOldGen       total 114688K, used 79750K [0x00000000a0000000, 0x00000000a7000000, 0x00000000e0000000)
  object space 114688K, 69% used [0x00000000a0000000,0x00000000a4de19e0,0x00000000a7000000)
 Metaspace       used 86161K, capacity 91524K, committed 91736K, reserved 1128448K
  class space    used 11079K, capacity 12296K, committed 12416K, reserved 1048576K
Event: 4487,618 GC heap after
Heap after GC invocations=19 (full 3):
 PSYoungGen      total 430592K, used 20789K [0x00000000e0000000, 0x00000000fc880000, 0x0000000100000000)
  eden space 395264K, 0% used [0x00000000e0000000,0x00000000e0000000,0x00000000f8200000)
  from space 35328K, 58% used [0x00000000fa480000,0x00000000fb8cd678,0x00000000fc700000)
  to   space 35328K, 0% used [0x00000000f8200000,0x00000000f8200000,0x00000000fa480000)
 ParOldGen       total 114688K, used 79758K [0x00000000a0000000, 0x00000000a7000000, 0x00000000e0000000)
  object space 114688K, 69% used [0x00000000a0000000,0x00000000a4de39e0,0x00000000a7000000)
 Metaspace       used 86161K, capacity 91524K, committed 91736K, reserved 1128448K
  class space    used 11079K, capacity 12296K, committed 12416K, reserved 1048576K
}
Event: 4493,141 GC heap before
{Heap before GC invocations=20 (full 3):
 PSYoungGen      total 430592K, used 416053K [0x00000000e0000000, 0x00000000fc880000, 0x0000000100000000)
  eden space 395264K, 100% used [0x00000000e0000000,0x00000000f8200000,0x00000000f8200000)
  from space 35328K, 58% used [0x00000000fa480000,0x00000000fb8cd678,0x00000000fc700000)
  to   space 35328K, 0% used [0x00000000f8200000,0x00000000f8200000,0x00000000fa480000)
 ParOldGen       total 114688K, used 79758K [0x00000000a0000000, 0x00000000a7000000, 0x00000000e0000000)
  object space 114688K, 69% used [0x00000000a0000000,0x00000000a4de39e0,0x00000000a7000000)
 Metaspace       used 86720K, capacity 92100K, committed 92248K, reserved 1128448K
  class space    used 11082K, capacity 12296K, committed 12416K, reserved 1048576K

