# JRE version: OpenJDK Runtime Environment (8.0_152-b01) (build 1.8.0_152-release-915-b01)
# Java VM: OpenJDK 64-Bit Server VM (25.152-b01 mixed mode linux-amd64 compressed oops)
Heap:
 PSYoungGen      total 260608K, used 8274K [0x00000000e0000000, 0x00000000f1680000, 0x0000000100000000)
  eden space 239104K, 0% used [0x00000000e0000000,0x00000000e0000000,0x00000000ee980000)
  from space 21504K, 38% used [0x00000000ee980000,0x00000000ef194b58,0x00000000efe80000)
  to   space 15360K, 0% used [0x00000000efe80000,0x00000000efe80000,0x00000000f0d80000)
 ParOldGen       total 70656K, used 47826K [0x00000000a0000000, 0x00000000a4500000, 0x00000000e0000000)
  object space 70656K, 67% used [0x00000000a0000000,0x00000000a2eb4bc0,0x00000000a4500000)
 Metaspace       used 57060K, capacity 58946K, committed 59028K, reserved 1099776K
  class space    used 7688K, capacity 8172K, committed 8192K, reserved 1048576K
GC Heap History (10 events):
Event: 212,797 GC heap after
Heap after GC invocations=8 (full 1):
 PSYoungGen      total 132096K, used 9457K [0x00000000e0000000, 0x00000000ebe80000, 0x0000000100000000)
  eden space 121856K, 0% used [0x00000000e0000000,0x00000000e0000000,0x00000000e7700000)
  from space 10240K, 92% used [0x00000000e7700000,0x00000000e803c6a0,0x00000000e8100000)
  to   space 11264K, 0% used [0x00000000eb380000,0x00000000eb380000,0x00000000ebe80000)
 ParOldGen       total 51712K, used 6587K [0x00000000a0000000, 0x00000000a3280000, 0x00000000e0000000)
  object space 51712K, 12% used [0x00000000a0000000,0x00000000a066ef68,0x00000000a3280000)
 Metaspace       used 30856K, capacity 31464K, committed 31872K, reserved 1077248K
  class space    used 4229K, capacity 4423K, committed 4480K, reserved 1048576K
}
Event: 213,993 GC heap before
{Heap before GC invocations=9 (full 1):
 PSYoungGen      total 132096K, used 30070K [0x00000000e0000000, 0x00000000ebe80000, 0x0000000100000000)
  eden space 121856K, 16% used [0x00000000e0000000,0x00000000e14214a0,0x00000000e7700000)
  from space 10240K, 92% used [0x00000000e7700000,0x00000000e803c6a0,0x00000000e8100000)
  to   space 11264K, 0% used [0x00000000eb380000,0x00000000eb380000,0x00000000ebe80000)
 ParOldGen       total 51712K, used 6587K [0x00000000a0000000, 0x00000000a3280000, 0x00000000e0000000)
  object space 51712K, 12% used [0x00000000a0000000,0x00000000a066ef68,0x00000000a3280000)
 Metaspace       used 34547K, capacity 35224K, committed 35416K, reserved 1079296K
  class space    used 4713K, capacity 4962K, committed 4992K, reserved 1048576K
Event: 214,015 GC heap after
Heap after GC invocations=9 (full 1):
 PSYoungGen      total 183808K, used 8771K [0x00000000e0000000, 0x00000000ed580000, 0x0000000100000000)
  eden space 172544K, 0% used [0x00000000e0000000,0x00000000e0000000,0x00000000ea880000)
  from space 11264K, 77% used [0x00000000eb380000,0x00000000ebc10c50,0x00000000ebe80000)
  to   space 11264K, 0% used [0x00000000ea880000,0x00000000ea880000,0x00000000eb380000)
 ParOldGen       total 51712K, used 6659K [0x00000000a0000000, 0x00000000a3280000, 0x00000000e0000000)
  object space 51712K, 12% used [0x00000000a0000000,0x00000000a0680f78,0x00000000a3280000)
 Metaspace       used 34547K, capacity 35224K, committed 35416K, reserved 1079296K
  class space    used 4713K, capacity 4962K, committed 4992K, reserved 1048576K
}
Event: 214,015 GC heap before
{Heap before GC invocations=10 (full 2):
 PSYoungGen      total 183808K, used 8771K [0x00000000e0000000, 0x00000000ed580000, 0x0000000100000000)
  eden space 172544K, 0% used [0x00000000e0000000,0x00000000e0000000,0x00000000ea880000)
  from space 11264K, 77% used [0x00000000eb380000,0x00000000ebc10c50,0x00000000ebe80000)
  to   space 11264K, 0% used [0x00000000ea880000,0x00000000ea880000,0x00000000eb380000)
 ParOldGen       total 51712K, used 6659K [0x00000000a0000000, 0x00000000a3280000, 0x00000000e0000000)
  object space 51712K, 12% used [0x00000000a0000000,0x00000000a0680f78,0x00000000a3280000)
 Metaspace       used 34547K, capacity 35224K, committed 35416K, reserved 1079296K
  class space    used 4713K, capacity 4962K, committed 4992K, reserved 1048576K
Event: 214,309 GC heap after
Heap after GC invocations=10 (full 2):
 PSYoungGen      total 183808K, used 0K [0x00000000e0000000, 0x00000000ed580000, 0x0000000100000000)
  eden space 172544K, 0% used [0x00000000e0000000,0x00000000e0000000,0x00000000ea880000)
  from space 11264K, 0% used [0x00000000eb380000,0x00000000eb380000,0x00000000ebe80000)
  to   space 11264K, 0% used [0x00000000ea880000,0x00000000ea880000,0x00000000eb380000)
 ParOldGen       total 70656K, used 15071K [0x00000000a0000000, 0x00000000a4500000, 0x00000000e0000000)
  object space 70656K, 21% used [0x00000000a0000000,0x00000000a0eb7c58,0x00000000a4500000)
 Metaspace       used 34547K, capacity 35224K, committed 35416K, reserved 1079296K
  class space    used 4713K, capacity 4962K, committed 4992K, reserved 1048576K
}
Event: 219,343 GC heap before
{Heap before GC invocations=11 (full 2):
 PSYoungGen      total 183808K, used 172544K [0x00000000e0000000, 0x00000000ed580000, 0x0000000100000000)
  eden space 172544K, 100% used [0x00000000e0000000,0x00000000ea880000,0x00000000ea880000)
  from space 11264K, 0% used [0x00000000eb380000,0x00000000eb380000,0x00000000ebe80000)
  to   space 11264K, 0% used [0x00000000ea880000,0x00000000ea880000,0x00000000eb380000)
 ParOldGen       total 70656K, used 15071K [0x00000000a0000000, 0x00000000a4500000, 0x00000000e0000000)
  object space 70656K, 21% used [0x00000000a0000000,0x00000000a0eb7c58,0x00000000a4500000)
 Metaspace       used 47045K, capacity 48154K, committed 48472K, reserved 1091584K
  class space    used 6321K, capacity 6664K, committed 6784K, reserved 1048576K
Event: 219,383 GC heap after
Heap after GC invocations=11 (full 2):
 PSYoungGen      total 183808K, used 11254K [0x00000000e0000000, 0x00000000f0d80000, 0x0000000100000000)
  eden space 172544K, 0% used [0x00000000e0000000,0x00000000e0000000,0x00000000ea880000)
  from space 11264K, 99% used [0x00000000ea880000,0x00000000eb37d9d8,0x00000000eb380000)
  to   space 15360K, 0% used [0x00000000efe80000,0x00000000efe80000,0x00000000f0d80000)
 ParOldGen       total 70656K, used 21004K [0x00000000a0000000, 0x00000000a4500000, 0x00000000e0000000)
  object space 70656K, 29% used [0x00000000a0000000,0x00000000a1483348,0x00000000a4500000)
 Metaspace       used 47045K, capacity 48154K, committed 48472K, reserved 1091584K
  class space    used 6321K, capacity 6664K, committed 6784K, reserved 1048576K
}
Event: 226,476 GC heap before
{Heap before GC invocations=12 (full 2):
 PSYoungGen      total 183808K, used 183798K [0x00000000e0000000, 0x00000000f0d80000, 0x0000000100000000)
  eden space 172544K, 100% used [0x00000000e0000000,0x00000000ea880000,0x00000000ea880000)
  from space 11264K, 99% used [0x00000000ea880000,0x00000000eb37d9d8,0x00000000eb380000)
  to   space 15360K, 0% used [0x00000000efe80000,0x00000000efe80000,0x00000000f0d80000)
 ParOldGen       total 70656K, used 21004K [0x00000000a0000000, 0x00000000a4500000, 0x00000000e0000000)
  object space 70656K, 29% used [0x00000000a0000000,0x00000000a1483348,0x00000000a4500000)
 Metaspace       used 54296K, capacity 56028K, committed 56152K, reserved 1097728K
  class space    used 7356K, capacity 7771K, committed 7808K, reserved 1048576K
Event: 226,540 GC heap after
Heap after GC invocations=12 (full 2):
 PSYoungGen      total 254464K, used 15334K [0x00000000e0000000, 0x00000000f1680000, 0x0000000100000000)
  eden space 239104K, 0% used [0x00000000e0000000,0x00000000e0000000,0x00000000ee980000)
  from space 15360K, 99% used [0x00000000efe80000,0x00000000f0d79be8,0x00000000f0d80000)
  to   space 21504K, 0% used [0x00000000ee980000,0x00000000ee980000,0x00000000efe80000)
 ParOldGen       total 70656K, used 32722K [0x00000000a0000000, 0x00000000a4500000, 0x00000000e0000000)
  object space 70656K, 46% used [0x00000000a0000000,0x00000000a1ff4960,0x00000000a4500000)
 Metaspace       used 54296K, capacity 56028K, committed 56152K, reserved 1097728K
  class space    used 7356K, capacity 7771K, committed 7808K, reserved 1048576K
}
Event: 229,052 GC heap before
{Heap before GC invocations=13 (full 2):
 PSYoungGen      total 254464K, used 88639K [0x00000000e0000000, 0x00000000f1680000, 0x0000000100000000)
  eden space 239104K, 30% used [0x00000000e0000000,0x00000000e47962e8,0x00000000ee980000)
  from space 15360K, 99% used [0x00000000efe80000,0x00000000f0d79be8,0x00000000f0d80000)
  to   space 21504K, 0% used [0x00000000ee980000,0x00000000ee980000,0x00000000efe80000)
 ParOldGen       total 70656K, used 32722K [0x00000000a0000000, 0x00000000a4500000, 0x00000000e0000000)
  object space 70656K, 46% used [0x00000000a0000000,0x00000000a1ff4960,0x00000000a4500000)
 Metaspace       used 57060K, capacity 58946K, committed 59028K, reserved 1099776K
  class space    used 7688K, capacity 8172K, committed 8192K, reserved 1048576K

